<?xml version="1.0" encoding="UTF-8"?>
<!-- Generated by org.testng.reporters.JUnitReportReporter -->
<testsuite skipped="1" hostname="LAPTOP-67JINTTS" name="StepDefinations.testng.testngMultibrowser" tests="4" failures="0" timestamp="2020-10-28T00:12:35 IST" time="10.521" errors="1">
  <testcase name="setup" time="3.094" classname="StepDefinations.testng.testngMultibrowser">
    <error type="org.openqa.selenium.WebDriverException" message="unknown error: cannot find Chrome binary
Build info: version: &#039;4.0.0-alpha-5&#039;, revision: &#039;b3a0d621cc&#039;
System info: host: &#039;LAPTOP-67JINTTS&#039;, ip: &#039;192.168.0.8&#039;, os.name: &#039;Windows 10&#039;, os.arch: &#039;amd64&#039;, os.version: &#039;10.0&#039;, java.version: &#039;1.8.0_241&#039;
Driver info: driver.version: ChromeDriver
remote stacktrace: Backtrace:
	Ordinal0 [0x00C60AE3+1706723]
	Ordinal0 [0x00BC68C1+1075393]
	Ordinal0 [0x00B3DFA9+516009]
	Ordinal0 [0x00ACC70E+50958]
	Ordinal0 [0x00AEBFD7+180183]
	Ordinal0 [0x00AEBDDD+179677]
	Ordinal0 [0x00AE9D4B+171339]
	Ordinal0 [0x00AD1D4A+73034]
	Ordinal0 [0x00AD2DC0+77248]
	Ordinal0 [0x00AD2D59+77145]
	Ordinal0 [0x00BDBB37+1162039]
	GetHandleVerifier [0x00CFA7C6+508998]
	GetHandleVerifier [0x00CFA504+508292]
	GetHandleVerifier [0x00D0F617+594583]
	GetHandleVerifier [0x00CFB036+511158]
	Ordinal0 [0x00BD3FFC+1130492]
	Ordinal0 [0x00BDD49B+1168539]
	Ordinal0 [0x00BDD603+1168899]
	Ordinal0 [0x00BF5B05+1268485]
	BaseThreadInitThunk [0x756AFA29+25]
	RtlGetAppContainerNamedObjectPath [0x777675F4+228]
	RtlGetAppContainerNamedObjectPath [0x777675C4+180]
">
      <![CDATA[org.openqa.selenium.WebDriverException: unknown error: cannot find Chrome binary
Build info: version: '4.0.0-alpha-5', revision: 'b3a0d621cc'
System info: host: 'LAPTOP-67JINTTS', ip: '192.168.0.8', os.name: 'Windows 10', os.arch: 'amd64', os.version: '10.0', java.version: '1.8.0_241'
Driver info: driver.version: ChromeDriver
remote stacktrace: Backtrace:
Ordinal0 [0x00C60AE3+1706723]
Ordinal0 [0x00BC68C1+1075393]
Ordinal0 [0x00B3DFA9+516009]
Ordinal0 [0x00ACC70E+50958]
Ordinal0 [0x00AEBFD7+180183]
Ordinal0 [0x00AEBDDD+179677]
Ordinal0 [0x00AE9D4B+171339]
Ordinal0 [0x00AD1D4A+73034]
Ordinal0 [0x00AD2DC0+77248]
Ordinal0 [0x00AD2D59+77145]
Ordinal0 [0x00BDBB37+1162039]
GetHandleVerifier [0x00CFA7C6+508998]
GetHandleVerifier [0x00CFA504+508292]
GetHandleVerifier [0x00D0F617+594583]
GetHandleVerifier [0x00CFB036+511158]
Ordinal0 [0x00BD3FFC+1130492]
Ordinal0 [0x00BDD49B+1168539]
Ordinal0 [0x00BDD603+1168899]
Ordinal0 [0x00BF5B05+1268485]
BaseThreadInitThunk [0x756AFA29+25]
RtlGetAppContainerNamedObjectPath [0x777675F4+228]
RtlGetAppContainerNamedObjectPath [0x777675C4+180]

at sun.reflect.NativeConstructorAccessorImpl.newInstance0(Native Method)
at sun.reflect.NativeConstructorAccessorImpl.newInstance(Unknown Source)
at sun.reflect.DelegatingConstructorAccessorImpl.newInstance(Unknown Source)
at java.lang.reflect.Constructor.newInstance(Unknown Source)
at org.openqa.selenium.remote.W3CHandshakeResponse.lambda$errorHandler$0(W3CHandshakeResponse.java:62)
at org.openqa.selenium.remote.HandshakeResponse.lambda$getResponseFunction$0(HandshakeResponse.java:30)
at org.openqa.selenium.remote.ProtocolHandshake.lambda$createSession$1(ProtocolHandshake.java:126)
at java.util.stream.ReferencePipeline$3$1.accept(Unknown Source)
at java.util.Spliterators$ArraySpliterator.tryAdvance(Unknown Source)
at java.util.stream.ReferencePipeline.forEachWithCancel(Unknown Source)
at java.util.stream.AbstractPipeline.copyIntoWithCancel(Unknown Source)
at java.util.stream.AbstractPipeline.copyInto(Unknown Source)
at java.util.stream.AbstractPipeline.wrapAndCopyInto(Unknown Source)
at java.util.stream.FindOps$FindOp.evaluateSequential(Unknown Source)
at java.util.stream.AbstractPipeline.evaluate(Unknown Source)
at java.util.stream.ReferencePipeline.findFirst(Unknown Source)
at org.openqa.selenium.remote.ProtocolHandshake.createSession(ProtocolHandshake.java:128)
at org.openqa.selenium.remote.ProtocolHandshake.createSession(ProtocolHandshake.java:75)
at org.openqa.selenium.remote.HttpCommandExecutor.execute(HttpCommandExecutor.java:139)
at org.openqa.selenium.remote.service.DriverCommandExecutor.execute(DriverCommandExecutor.java:83)
at org.openqa.selenium.remote.RemoteWebDriver.execute(RemoteWebDriver.java:582)
at org.openqa.selenium.remote.RemoteWebDriver.startSession(RemoteWebDriver.java:216)
at org.openqa.selenium.remote.RemoteWebDriver.<init>(RemoteWebDriver.java:136)
at org.openqa.selenium.chromium.ChromiumDriver.<init>(ChromiumDriver.java:75)
at org.openqa.selenium.chrome.ChromeDriver.<init>(ChromeDriver.java:163)
at org.openqa.selenium.chrome.ChromeDriver.<init>(ChromeDriver.java:150)
at org.openqa.selenium.chrome.ChromeDriver.<init>(ChromeDriver.java:105)
at StepDefinations.testng.testngMultibrowser.setup(testngMultibrowser.java:30)
at sun.reflect.NativeMethodAccessorImpl.invoke0(Native Method)
at sun.reflect.NativeMethodAccessorImpl.invoke(Unknown Source)
at sun.reflect.DelegatingMethodAccessorImpl.invoke(Unknown Source)
at java.lang.reflect.Method.invoke(Unknown Source)
at org.testng.internal.MethodInvocationHelper.invokeMethod(MethodInvocationHelper.java:132)
at org.testng.internal.MethodInvocationHelper.invokeMethodConsideringTimeout(MethodInvocationHelper.java:61)
at org.testng.internal.ConfigInvoker.invokeConfigurationMethod(ConfigInvoker.java:366)
at org.testng.internal.ConfigInvoker.invokeConfigurations(ConfigInvoker.java:320)
at org.testng.TestRunner.invokeTestConfigurations(TestRunner.java:617)
at org.testng.TestRunner.beforeRun(TestRunner.java:607)
at org.testng.TestRunner.run(TestRunner.java:578)
at org.testng.SuiteRunner.runTest(SuiteRunner.java:384)
at org.testng.SuiteRunner.access$000(SuiteRunner.java:28)
at org.testng.SuiteRunner$SuiteWorker.run(SuiteRunner.java:425)
at org.testng.internal.thread.ThreadUtil.lambda$execute$0(ThreadUtil.java:66)
at java.util.concurrent.FutureTask.run(Unknown Source)
at java.util.concurrent.ThreadPoolExecutor.runWorker(Unknown Source)
at java.util.concurrent.ThreadPoolExecutor$Worker.run(Unknown Source)
at java.lang.Thread.run(Unknown Source)
]]>
    </error>
  </testcase> <!-- setup -->
  <system-out/>
  <testcase name="performtest" time="0.000" classname="StepDefinations.testng.testngMultibrowser">
    <skipped/>
  </testcase> <!-- performtest -->
  <system-out/>
  <testcase name="performtest" time="5.249" classname="StepDefinations.testng.testngMultibrowser"/>
  <system-out/>
  <testcase name="performtest" time="2.178" classname="StepDefinations.testng.testngMultibrowser"/>
  <system-out/>
</testsuite> <!-- StepDefinations.testng.testngMultibrowser -->
