<?xml version="1.0" encoding="UTF-8"?>
<!-- Generated by org.testng.reporters.JUnitXMLReporter -->
<testsuite hostname="LAPTOP-67JINTTS" ignored="0" name="Test1" tests="1" failures="0" timestamp="2020-10-28T00:12:01 IST" time="3.144" errors="0">
  <testcase name="@BeforeTest setup" time="3.094" classname="StepDefinations.testng.testngMultibrowser">
    <failure type="org.openqa.selenium.WebDriverException" message="unknown error: cannot find Chrome binary
Build info: version: &amp;apos;4.0.0-alpha-5&amp;apos;, revision: &amp;apos;b3a0d621cc&amp;apos;
System info: host: &amp;apos;LAPTOP-67JINTTS&amp;apos;, ip: &amp;apos;192.168.0.8&amp;apos;, os.name: &amp;apos;Windows 10&amp;apos;, os.arch: &amp;apos;amd64&amp;apos;, os.version: &amp;apos;10.0&amp;apos;, java.version: &amp;apos;1.8.0_241&amp;apos;
Driver info: driver.version: ChromeDriver
remote stacktrace: Backtrace:
	Ordinal0 [0x00C60AE3+1706723]
	Ordinal0 [0x00BC68C1+1075393]
	Ordinal0 [0x00B3DFA9+516009]
	Ordinal0 [0x00ACC70E+50958]
	Ordinal0 [0x00AEBFD7+180183]
	Ordinal0 [0x00AEBDDD+179677]
	Ordinal0 [0x00AE9D4B+171339]
	Ordinal0 [0x00AD1D4A+73034]
	Ordinal0 [0x00AD2DC0+77248]
	Ordinal0 [0x00AD2D59+77145]
	Ordinal0 [0x00BDBB37+1162039]
	GetHandleVerifier [0x00CFA7C6+508998]
	GetHandleVerifier [0x00CFA504+508292]
	GetHandleVerifier [0x00D0F617+594583]
	GetHandleVerifier [0x00CFB036+511158]
	Ordinal0 [0x00BD3FFC+1130492]
	Ordinal0 [0x00BDD49B+1168539]
	Ordinal0 [0x00BDD603+1168899]
	Ordinal0 [0x00BF5B05+1268485]
	BaseThreadInitThunk [0x756AFA29+25]
	RtlGetAppContainerNamedObjectPath [0x777675F4+228]
	RtlGetAppContainerNamedObjectPath [0x777675C4+180]
">
      <![CDATA[org.openqa.selenium.WebDriverException: unknown error: cannot find Chrome binary
Build info: version: '4.0.0-alpha-5', revision: 'b3a0d621cc'
System info: host: 'LAPTOP-67JINTTS', ip: '192.168.0.8', os.name: 'Windows 10', os.arch: 'amd64', os.version: '10.0', java.version: '1.8.0_241'
Driver info: driver.version: ChromeDriver
remote stacktrace: Backtrace:
Ordinal0 [0x00C60AE3+1706723]
Ordinal0 [0x00BC68C1+1075393]
Ordinal0 [0x00B3DFA9+516009]
Ordinal0 [0x00ACC70E+50958]
Ordinal0 [0x00AEBFD7+180183]
Ordinal0 [0x00AEBDDD+179677]
Ordinal0 [0x00AE9D4B+171339]
Ordinal0 [0x00AD1D4A+73034]
Ordinal0 [0x00AD2DC0+77248]
Ordinal0 [0x00AD2D59+77145]
Ordinal0 [0x00BDBB37+1162039]
GetHandleVerifier [0x00CFA7C6+508998]
GetHandleVerifier [0x00CFA504+508292]
GetHandleVerifier [0x00D0F617+594583]
GetHandleVerifier [0x00CFB036+511158]
Ordinal0 [0x00BD3FFC+1130492]
Ordinal0 [0x00BDD49B+1168539]
Ordinal0 [0x00BDD603+1168899]
Ordinal0 [0x00BF5B05+1268485]
BaseThreadInitThunk [0x756AFA29+25]
RtlGetAppContainerNamedObjectPath [0x777675F4+228]
RtlGetAppContainerNamedObjectPath [0x777675C4+180]

at org.openqa.selenium.remote.W3CHandshakeResponse.lambda$errorHandler$0(W3CHandshakeResponse.java:62)
at org.openqa.selenium.remote.HandshakeResponse.lambda$getResponseFunction$0(HandshakeResponse.java:30)
at org.openqa.selenium.remote.ProtocolHandshake.lambda$createSession$1(ProtocolHandshake.java:126)
at java.util.stream.ReferencePipeline$3$1.accept(Unknown Source)
at java.util.Spliterators$ArraySpliterator.tryAdvance(Unknown Source)
at java.util.stream.ReferencePipeline.forEachWithCancel(Unknown Source)
at java.util.stream.AbstractPipeline.copyIntoWithCancel(Unknown Source)
at java.util.stream.AbstractPipeline.copyInto(Unknown Source)
at java.util.stream.AbstractPipeline.wrapAndCopyInto(Unknown Source)
at java.util.stream.FindOps$FindOp.evaluateSequential(Unknown Source)
at java.util.stream.AbstractPipeline.evaluate(Unknown Source)
at java.util.stream.ReferencePipeline.findFirst(Unknown Source)
at org.openqa.selenium.remote.ProtocolHandshake.createSession(ProtocolHandshake.java:128)
at org.openqa.selenium.remote.ProtocolHandshake.createSession(ProtocolHandshake.java:75)
at org.openqa.selenium.remote.HttpCommandExecutor.execute(HttpCommandExecutor.java:139)
at org.openqa.selenium.remote.service.DriverCommandExecutor.execute(DriverCommandExecutor.java:83)
at org.openqa.selenium.remote.RemoteWebDriver.execute(RemoteWebDriver.java:582)
at org.openqa.selenium.remote.RemoteWebDriver.startSession(RemoteWebDriver.java:216)
at org.openqa.selenium.remote.RemoteWebDriver.<init>(RemoteWebDriver.java:136)
at org.openqa.selenium.chromium.ChromiumDriver.<init>(ChromiumDriver.java:75)
at org.openqa.selenium.chrome.ChromeDriver.<init>(ChromeDriver.java:163)
at org.openqa.selenium.chrome.ChromeDriver.<init>(ChromeDriver.java:150)
at org.openqa.selenium.chrome.ChromeDriver.<init>(ChromeDriver.java:105)
at StepDefinations.testng.testngMultibrowser.setup(testngMultibrowser.java:30)
at java.util.concurrent.FutureTask.run(Unknown Source)
at java.util.concurrent.ThreadPoolExecutor.runWorker(Unknown Source)
at java.util.concurrent.ThreadPoolExecutor$Worker.run(Unknown Source)
at java.lang.Thread.run(Unknown Source)
... Removed 19 stack frames]]>
    </failure>
  </testcase> <!-- @BeforeTest setup -->
  <testcase name="@AfterTest tearDown" time="-1.603824121361E9" classname="StepDefinations.testng.testngMultibrowser">
    <skipped/>
  </testcase> <!-- @AfterTest tearDown -->
  <testcase name="performtest" time="0.0" classname="StepDefinations.testng.testngMultibrowser">
    <skipped/>
  </testcase> <!-- performtest -->
</testsuite> <!-- Test1 -->
