<?xml version="1.0" encoding="UTF-8"?>
<testng-results skipped="1" failed="0" ignored="0" total="3" passed="2">
  <reporter-output>
  </reporter-output>
  <suite name="Suite1" duration-ms="37256" started-at="2020-10-28T00:11:58 IST" finished-at="2020-10-28T00:12:35 IST">
    <groups>
    </groups>
    <test name="Test1" duration-ms="3144" started-at="2020-10-28T00:11:58 IST" finished-at="2020-10-28T00:12:01 IST">
      <class name="StepDefinations.testng.testngMultibrowser">
        <test-method status="FAIL" signature="setup(java.lang.String)[pri:0, instance:StepDefinations.testng.testngMultibrowser@3d921e20]" name="setup" is-config="true" duration-ms="3094" started-at="2020-10-28T00:11:58 IST" finished-at="2020-10-28T00:12:01 IST">
          <params>
            <param index="0">
              <value>
                <![CDATA[chrome]]>
              </value>
            </param>
          </params>
          <exception class="org.openqa.selenium.WebDriverException">
            <message>
              <![CDATA[unknown error: cannot find Chrome binary
Build info: version: '4.0.0-alpha-5', revision: 'b3a0d621cc'
System info: host: 'LAPTOP-67JINTTS', ip: '192.168.0.8', os.name: 'Windows 10', os.arch: 'amd64', os.version: '10.0', java.version: '1.8.0_241'
Driver info: driver.version: ChromeDriver
remote stacktrace: Backtrace:
Ordinal0 [0x00C60AE3+1706723]
Ordinal0 [0x00BC68C1+1075393]
Ordinal0 [0x00B3DFA9+516009]
Ordinal0 [0x00ACC70E+50958]
Ordinal0 [0x00AEBFD7+180183]
Ordinal0 [0x00AEBDDD+179677]
Ordinal0 [0x00AE9D4B+171339]
Ordinal0 [0x00AD1D4A+73034]
Ordinal0 [0x00AD2DC0+77248]
Ordinal0 [0x00AD2D59+77145]
Ordinal0 [0x00BDBB37+1162039]
GetHandleVerifier [0x00CFA7C6+508998]
GetHandleVerifier [0x00CFA504+508292]
GetHandleVerifier [0x00D0F617+594583]
GetHandleVerifier [0x00CFB036+511158]
Ordinal0 [0x00BD3FFC+1130492]
Ordinal0 [0x00BDD49B+1168539]
Ordinal0 [0x00BDD603+1168899]
Ordinal0 [0x00BF5B05+1268485]
BaseThreadInitThunk [0x756AFA29+25]
RtlGetAppContainerNamedObjectPath [0x777675F4+228]
RtlGetAppContainerNamedObjectPath [0x777675C4+180]
]]>
            </message>
            <full-stacktrace>
              <![CDATA[org.openqa.selenium.WebDriverException: unknown error: cannot find Chrome binary
Build info: version: '4.0.0-alpha-5', revision: 'b3a0d621cc'
System info: host: 'LAPTOP-67JINTTS', ip: '192.168.0.8', os.name: 'Windows 10', os.arch: 'amd64', os.version: '10.0', java.version: '1.8.0_241'
Driver info: driver.version: ChromeDriver
remote stacktrace: Backtrace:
Ordinal0 [0x00C60AE3+1706723]
Ordinal0 [0x00BC68C1+1075393]
Ordinal0 [0x00B3DFA9+516009]
Ordinal0 [0x00ACC70E+50958]
Ordinal0 [0x00AEBFD7+180183]
Ordinal0 [0x00AEBDDD+179677]
Ordinal0 [0x00AE9D4B+171339]
Ordinal0 [0x00AD1D4A+73034]
Ordinal0 [0x00AD2DC0+77248]
Ordinal0 [0x00AD2D59+77145]
Ordinal0 [0x00BDBB37+1162039]
GetHandleVerifier [0x00CFA7C6+508998]
GetHandleVerifier [0x00CFA504+508292]
GetHandleVerifier [0x00D0F617+594583]
GetHandleVerifier [0x00CFB036+511158]
Ordinal0 [0x00BD3FFC+1130492]
Ordinal0 [0x00BDD49B+1168539]
Ordinal0 [0x00BDD603+1168899]
Ordinal0 [0x00BF5B05+1268485]
BaseThreadInitThunk [0x756AFA29+25]
RtlGetAppContainerNamedObjectPath [0x777675F4+228]
RtlGetAppContainerNamedObjectPath [0x777675C4+180]

at sun.reflect.NativeConstructorAccessorImpl.newInstance0(Native Method)
at sun.reflect.NativeConstructorAccessorImpl.newInstance(Unknown Source)
at sun.reflect.DelegatingConstructorAccessorImpl.newInstance(Unknown Source)
at java.lang.reflect.Constructor.newInstance(Unknown Source)
at org.openqa.selenium.remote.W3CHandshakeResponse.lambda$errorHandler$0(W3CHandshakeResponse.java:62)
at org.openqa.selenium.remote.HandshakeResponse.lambda$getResponseFunction$0(HandshakeResponse.java:30)
at org.openqa.selenium.remote.ProtocolHandshake.lambda$createSession$1(ProtocolHandshake.java:126)
at java.util.stream.ReferencePipeline$3$1.accept(Unknown Source)
at java.util.Spliterators$ArraySpliterator.tryAdvance(Unknown Source)
at java.util.stream.ReferencePipeline.forEachWithCancel(Unknown Source)
at java.util.stream.AbstractPipeline.copyIntoWithCancel(Unknown Source)
at java.util.stream.AbstractPipeline.copyInto(Unknown Source)
at java.util.stream.AbstractPipeline.wrapAndCopyInto(Unknown Source)
at java.util.stream.FindOps$FindOp.evaluateSequential(Unknown Source)
at java.util.stream.AbstractPipeline.evaluate(Unknown Source)
at java.util.stream.ReferencePipeline.findFirst(Unknown Source)
at org.openqa.selenium.remote.ProtocolHandshake.createSession(ProtocolHandshake.java:128)
at org.openqa.selenium.remote.ProtocolHandshake.createSession(ProtocolHandshake.java:75)
at org.openqa.selenium.remote.HttpCommandExecutor.execute(HttpCommandExecutor.java:139)
at org.openqa.selenium.remote.service.DriverCommandExecutor.execute(DriverCommandExecutor.java:83)
at org.openqa.selenium.remote.RemoteWebDriver.execute(RemoteWebDriver.java:582)
at org.openqa.selenium.remote.RemoteWebDriver.startSession(RemoteWebDriver.java:216)
at org.openqa.selenium.remote.RemoteWebDriver.<init>(RemoteWebDriver.java:136)
at org.openqa.selenium.chromium.ChromiumDriver.<init>(ChromiumDriver.java:75)
at org.openqa.selenium.chrome.ChromeDriver.<init>(ChromeDriver.java:163)
at org.openqa.selenium.chrome.ChromeDriver.<init>(ChromeDriver.java:150)
at org.openqa.selenium.chrome.ChromeDriver.<init>(ChromeDriver.java:105)
at StepDefinations.testng.testngMultibrowser.setup(testngMultibrowser.java:30)
at sun.reflect.NativeMethodAccessorImpl.invoke0(Native Method)
at sun.reflect.NativeMethodAccessorImpl.invoke(Unknown Source)
at sun.reflect.DelegatingMethodAccessorImpl.invoke(Unknown Source)
at java.lang.reflect.Method.invoke(Unknown Source)
at org.testng.internal.MethodInvocationHelper.invokeMethod(MethodInvocationHelper.java:132)
at org.testng.internal.MethodInvocationHelper.invokeMethodConsideringTimeout(MethodInvocationHelper.java:61)
at org.testng.internal.ConfigInvoker.invokeConfigurationMethod(ConfigInvoker.java:366)
at org.testng.internal.ConfigInvoker.invokeConfigurations(ConfigInvoker.java:320)
at org.testng.TestRunner.invokeTestConfigurations(TestRunner.java:617)
at org.testng.TestRunner.beforeRun(TestRunner.java:607)
at org.testng.TestRunner.run(TestRunner.java:578)
at org.testng.SuiteRunner.runTest(SuiteRunner.java:384)
at org.testng.SuiteRunner.access$000(SuiteRunner.java:28)
at org.testng.SuiteRunner$SuiteWorker.run(SuiteRunner.java:425)
at org.testng.internal.thread.ThreadUtil.lambda$execute$0(ThreadUtil.java:66)
at java.util.concurrent.FutureTask.run(Unknown Source)
at java.util.concurrent.ThreadPoolExecutor.runWorker(Unknown Source)
at java.util.concurrent.ThreadPoolExecutor$Worker.run(Unknown Source)
at java.lang.Thread.run(Unknown Source)
]]>
            </full-stacktrace>
          </exception> <!-- org.openqa.selenium.WebDriverException -->
          <reporter-output>
          </reporter-output>
        </test-method> <!-- setup -->
        <test-method status="SKIP" signature="performtest()[pri:0, instance:StepDefinations.testng.testngMultibrowser@3d921e20]" name="performtest" duration-ms="0" started-at="2020-10-28T00:12:01 IST" finished-at="2020-10-28T00:12:01 IST">
          <exception class="org.openqa.selenium.WebDriverException">
            <message>
              <![CDATA[unknown error: cannot find Chrome binary
Build info: version: '4.0.0-alpha-5', revision: 'b3a0d621cc'
System info: host: 'LAPTOP-67JINTTS', ip: '192.168.0.8', os.name: 'Windows 10', os.arch: 'amd64', os.version: '10.0', java.version: '1.8.0_241'
Driver info: driver.version: ChromeDriver
remote stacktrace: Backtrace:
Ordinal0 [0x00C60AE3+1706723]
Ordinal0 [0x00BC68C1+1075393]
Ordinal0 [0x00B3DFA9+516009]
Ordinal0 [0x00ACC70E+50958]
Ordinal0 [0x00AEBFD7+180183]
Ordinal0 [0x00AEBDDD+179677]
Ordinal0 [0x00AE9D4B+171339]
Ordinal0 [0x00AD1D4A+73034]
Ordinal0 [0x00AD2DC0+77248]
Ordinal0 [0x00AD2D59+77145]
Ordinal0 [0x00BDBB37+1162039]
GetHandleVerifier [0x00CFA7C6+508998]
GetHandleVerifier [0x00CFA504+508292]
GetHandleVerifier [0x00D0F617+594583]
GetHandleVerifier [0x00CFB036+511158]
Ordinal0 [0x00BD3FFC+1130492]
Ordinal0 [0x00BDD49B+1168539]
Ordinal0 [0x00BDD603+1168899]
Ordinal0 [0x00BF5B05+1268485]
BaseThreadInitThunk [0x756AFA29+25]
RtlGetAppContainerNamedObjectPath [0x777675F4+228]
RtlGetAppContainerNamedObjectPath [0x777675C4+180]
]]>
            </message>
            <full-stacktrace>
              <![CDATA[org.openqa.selenium.WebDriverException: unknown error: cannot find Chrome binary
Build info: version: '4.0.0-alpha-5', revision: 'b3a0d621cc'
System info: host: 'LAPTOP-67JINTTS', ip: '192.168.0.8', os.name: 'Windows 10', os.arch: 'amd64', os.version: '10.0', java.version: '1.8.0_241'
Driver info: driver.version: ChromeDriver
remote stacktrace: Backtrace:
Ordinal0 [0x00C60AE3+1706723]
Ordinal0 [0x00BC68C1+1075393]
Ordinal0 [0x00B3DFA9+516009]
Ordinal0 [0x00ACC70E+50958]
Ordinal0 [0x00AEBFD7+180183]
Ordinal0 [0x00AEBDDD+179677]
Ordinal0 [0x00AE9D4B+171339]
Ordinal0 [0x00AD1D4A+73034]
Ordinal0 [0x00AD2DC0+77248]
Ordinal0 [0x00AD2D59+77145]
Ordinal0 [0x00BDBB37+1162039]
GetHandleVerifier [0x00CFA7C6+508998]
GetHandleVerifier [0x00CFA504+508292]
GetHandleVerifier [0x00D0F617+594583]
GetHandleVerifier [0x00CFB036+511158]
Ordinal0 [0x00BD3FFC+1130492]
Ordinal0 [0x00BDD49B+1168539]
Ordinal0 [0x00BDD603+1168899]
Ordinal0 [0x00BF5B05+1268485]
BaseThreadInitThunk [0x756AFA29+25]
RtlGetAppContainerNamedObjectPath [0x777675F4+228]
RtlGetAppContainerNamedObjectPath [0x777675C4+180]

at sun.reflect.NativeConstructorAccessorImpl.newInstance0(Native Method)
at sun.reflect.NativeConstructorAccessorImpl.newInstance(Unknown Source)
at sun.reflect.DelegatingConstructorAccessorImpl.newInstance(Unknown Source)
at java.lang.reflect.Constructor.newInstance(Unknown Source)
at org.openqa.selenium.remote.W3CHandshakeResponse.lambda$errorHandler$0(W3CHandshakeResponse.java:62)
at org.openqa.selenium.remote.HandshakeResponse.lambda$getResponseFunction$0(HandshakeResponse.java:30)
at org.openqa.selenium.remote.ProtocolHandshake.lambda$createSession$1(ProtocolHandshake.java:126)
at java.util.stream.ReferencePipeline$3$1.accept(Unknown Source)
at java.util.Spliterators$ArraySpliterator.tryAdvance(Unknown Source)
at java.util.stream.ReferencePipeline.forEachWithCancel(Unknown Source)
at java.util.stream.AbstractPipeline.copyIntoWithCancel(Unknown Source)
at java.util.stream.AbstractPipeline.copyInto(Unknown Source)
at java.util.stream.AbstractPipeline.wrapAndCopyInto(Unknown Source)
at java.util.stream.FindOps$FindOp.evaluateSequential(Unknown Source)
at java.util.stream.AbstractPipeline.evaluate(Unknown Source)
at java.util.stream.ReferencePipeline.findFirst(Unknown Source)
at org.openqa.selenium.remote.ProtocolHandshake.createSession(ProtocolHandshake.java:128)
at org.openqa.selenium.remote.ProtocolHandshake.createSession(ProtocolHandshake.java:75)
at org.openqa.selenium.remote.HttpCommandExecutor.execute(HttpCommandExecutor.java:139)
at org.openqa.selenium.remote.service.DriverCommandExecutor.execute(DriverCommandExecutor.java:83)
at org.openqa.selenium.remote.RemoteWebDriver.execute(RemoteWebDriver.java:582)
at org.openqa.selenium.remote.RemoteWebDriver.startSession(RemoteWebDriver.java:216)
at org.openqa.selenium.remote.RemoteWebDriver.<init>(RemoteWebDriver.java:136)
at org.openqa.selenium.chromium.ChromiumDriver.<init>(ChromiumDriver.java:75)
at org.openqa.selenium.chrome.ChromeDriver.<init>(ChromeDriver.java:163)
at org.openqa.selenium.chrome.ChromeDriver.<init>(ChromeDriver.java:150)
at org.openqa.selenium.chrome.ChromeDriver.<init>(ChromeDriver.java:105)
at StepDefinations.testng.testngMultibrowser.setup(testngMultibrowser.java:30)
at sun.reflect.NativeMethodAccessorImpl.invoke0(Native Method)
at sun.reflect.NativeMethodAccessorImpl.invoke(Unknown Source)
at sun.reflect.DelegatingMethodAccessorImpl.invoke(Unknown Source)
at java.lang.reflect.Method.invoke(Unknown Source)
at org.testng.internal.MethodInvocationHelper.invokeMethod(MethodInvocationHelper.java:132)
at org.testng.internal.MethodInvocationHelper.invokeMethodConsideringTimeout(MethodInvocationHelper.java:61)
at org.testng.internal.ConfigInvoker.invokeConfigurationMethod(ConfigInvoker.java:366)
at org.testng.internal.ConfigInvoker.invokeConfigurations(ConfigInvoker.java:320)
at org.testng.TestRunner.invokeTestConfigurations(TestRunner.java:617)
at org.testng.TestRunner.beforeRun(TestRunner.java:607)
at org.testng.TestRunner.run(TestRunner.java:578)
at org.testng.SuiteRunner.runTest(SuiteRunner.java:384)
at org.testng.SuiteRunner.access$000(SuiteRunner.java:28)
at org.testng.SuiteRunner$SuiteWorker.run(SuiteRunner.java:425)
at org.testng.internal.thread.ThreadUtil.lambda$execute$0(ThreadUtil.java:66)
at java.util.concurrent.FutureTask.run(Unknown Source)
at java.util.concurrent.ThreadPoolExecutor.runWorker(Unknown Source)
at java.util.concurrent.ThreadPoolExecutor$Worker.run(Unknown Source)
at java.lang.Thread.run(Unknown Source)
]]>
            </full-stacktrace>
          </exception> <!-- org.openqa.selenium.WebDriverException -->
          <reporter-output>
          </reporter-output>
        </test-method> <!-- performtest -->
        <test-method status="SKIP" signature="tearDown()[pri:0, instance:StepDefinations.testng.testngMultibrowser@3d921e20]" name="tearDown" is-config="true" duration-ms="-1603824121361" started-at="2020-10-28T00:12:01 IST" finished-at="1970-01-01T05:30:00 IST">
          <reporter-output>
          </reporter-output>
        </test-method> <!-- tearDown -->
      </class> <!-- StepDefinations.testng.testngMultibrowser -->
    </test> <!-- Test1 -->
    <test name="Test2" duration-ms="15409" started-at="2020-10-28T00:11:58 IST" finished-at="2020-10-28T00:12:13 IST">
      <class name="StepDefinations.testng.testngMultibrowser">
        <test-method status="PASS" signature="setup(java.lang.String)[pri:0, instance:StepDefinations.testng.testngMultibrowser@13c27452]" name="setup" is-config="true" duration-ms="8123" started-at="2020-10-28T00:11:58 IST" finished-at="2020-10-28T00:12:06 IST">
          <params>
            <param index="0">
              <value>
                <![CDATA[edge]]>
              </value>
            </param>
          </params>
          <reporter-output>
          </reporter-output>
        </test-method> <!-- setup -->
        <test-method status="PASS" signature="performtest()[pri:0, instance:StepDefinations.testng.testngMultibrowser@13c27452]" name="performtest" duration-ms="5249" started-at="2020-10-28T00:12:06 IST" finished-at="2020-10-28T00:12:11 IST">
          <reporter-output>
          </reporter-output>
        </test-method> <!-- performtest -->
        <test-method status="PASS" signature="tearDown()[pri:0, instance:StepDefinations.testng.testngMultibrowser@13c27452]" name="tearDown" is-config="true" duration-ms="2026" started-at="2020-10-28T00:12:11 IST" finished-at="2020-10-28T00:12:13 IST">
          <reporter-output>
          </reporter-output>
        </test-method> <!-- tearDown -->
      </class> <!-- StepDefinations.testng.testngMultibrowser -->
    </test> <!-- Test2 -->
    <test name="Test3" duration-ms="37256" started-at="2020-10-28T00:11:58 IST" finished-at="2020-10-28T00:12:35 IST">
      <class name="StepDefinations.testng.testngMultibrowser">
        <test-method status="PASS" signature="setup(java.lang.String)[pri:0, instance:StepDefinations.testng.testngMultibrowser@77ec78b9]" name="setup" is-config="true" duration-ms="30824" started-at="2020-10-28T00:11:58 IST" finished-at="2020-10-28T00:12:29 IST">
          <params>
            <param index="0">
              <value>
                <![CDATA[firefox]]>
              </value>
            </param>
          </params>
          <reporter-output>
          </reporter-output>
        </test-method> <!-- setup -->
        <test-method status="PASS" signature="performtest()[pri:0, instance:StepDefinations.testng.testngMultibrowser@77ec78b9]" name="performtest" duration-ms="2178" started-at="2020-10-28T00:12:29 IST" finished-at="2020-10-28T00:12:31 IST">
          <reporter-output>
          </reporter-output>
        </test-method> <!-- performtest -->
        <test-method status="PASS" signature="tearDown()[pri:0, instance:StepDefinations.testng.testngMultibrowser@77ec78b9]" name="tearDown" is-config="true" duration-ms="4244" started-at="2020-10-28T00:12:31 IST" finished-at="2020-10-28T00:12:35 IST">
          <reporter-output>
          </reporter-output>
        </test-method> <!-- tearDown -->
      </class> <!-- StepDefinations.testng.testngMultibrowser -->
    </test> <!-- Test3 -->
  </suite> <!-- Suite1 -->
</testng-results>
